[2020-10-30 13:44:55,770] SEVERE {b7a.log.crash} - class org.wso2.ballerinalang.compiler.tree.expressions.BLangLiteral cannot be cast to class org.wso2.ballerinalang.compiler.tree.expressions.BLangVariableReference (org.wso2.ballerinalang.compiler.tree.expressions.BLangLiteral and org.wso2.ballerinalang.compiler.tree.expressions.BLangVariableReference are in unnamed module of loader 'app') 
java.lang.ClassCastException: class org.wso2.ballerinalang.compiler.tree.expressions.BLangLiteral cannot be cast to class org.wso2.ballerinalang.compiler.tree.expressions.BLangVariableReference (org.wso2.ballerinalang.compiler.tree.expressions.BLangLiteral and org.wso2.ballerinalang.compiler.tree.expressions.BLangVariableReference are in unnamed module of loader 'app')
	at org.wso2.ballerinalang.compiler.semantics.analyzer.TypeChecker.visit(TypeChecker.java:2463)
	at org.wso2.ballerinalang.compiler.tree.expressions.BLangFieldBasedAccess.accept(BLangFieldBasedAccess.java:65)
	at org.wso2.ballerinalang.compiler.semantics.analyzer.TypeChecker.checkExpr(TypeChecker.java:363)
	at org.wso2.ballerinalang.compiler.semantics.analyzer.TypeChecker.checkExpr(TypeChecker.java:342)
	at org.wso2.ballerinalang.compiler.semantics.analyzer.TypeChecker.checkTypeParamExpr(TypeChecker.java:5504)
	at org.wso2.ballerinalang.compiler.semantics.analyzer.TypeChecker.checkTypeParamExpr(TypeChecker.java:5497)
	at org.wso2.ballerinalang.compiler.semantics.analyzer.TypeChecker.checkInvocationArgs(TypeChecker.java:5403)
	at org.wso2.ballerinalang.compiler.semantics.analyzer.TypeChecker.checkInvocationParam(TypeChecker.java:5249)
	at org.wso2.ballerinalang.compiler.semantics.analyzer.TypeChecker.checkInvocationParamAndReturnType(TypeChecker.java:5197)
	at org.wso2.ballerinalang.compiler.semantics.analyzer.TypeChecker.checkFunctionInvocationExpr(TypeChecker.java:4806)
	at org.wso2.ballerinalang.compiler.semantics.analyzer.TypeChecker.visit(TypeChecker.java:2640)
	at org.wso2.ballerinalang.compiler.tree.expressions.BLangInvocation.accept(BLangInvocation.java:115)
	at org.wso2.ballerinalang.compiler.semantics.analyzer.TypeChecker.checkExpr(TypeChecker.java:363)
	at org.wso2.ballerinalang.compiler.semantics.analyzer.TypeChecker.checkExpr(TypeChecker.java:342)
	at org.wso2.ballerinalang.compiler.semantics.analyzer.SemanticAnalyzer.visit(SemanticAnalyzer.java:2245)
	at org.wso2.ballerinalang.compiler.tree.statements.BLangExpressionStmt.accept(BLangExpressionStmt.java:47)
	at org.wso2.ballerinalang.compiler.semantics.analyzer.SemanticAnalyzer.analyzeNode(SemanticAnalyzer.java:2798)
	at org.wso2.ballerinalang.compiler.semantics.analyzer.SemanticAnalyzer.analyzeNode(SemanticAnalyzer.java:2766)
	at org.wso2.ballerinalang.compiler.semantics.analyzer.SemanticAnalyzer.analyzeStmt(SemanticAnalyzer.java:2762)
	at org.wso2.ballerinalang.compiler.semantics.analyzer.SemanticAnalyzer.visit(SemanticAnalyzer.java:381)
	at org.wso2.ballerinalang.compiler.tree.BLangBlockFunctionBody.accept(BLangBlockFunctionBody.java:58)
	at org.wso2.ballerinalang.compiler.semantics.analyzer.SemanticAnalyzer.analyzeNode(SemanticAnalyzer.java:2798)
	at org.wso2.ballerinalang.compiler.semantics.analyzer.SemanticAnalyzer.visit(SemanticAnalyzer.java:353)
	at org.wso2.ballerinalang.compiler.tree.BLangFunction.accept(BLangFunction.java:73)
	at org.wso2.ballerinalang.compiler.semantics.analyzer.SemanticAnalyzer.analyzeNode(SemanticAnalyzer.java:2798)
	at org.wso2.ballerinalang.compiler.semantics.analyzer.SemanticAnalyzer.analyzeNode(SemanticAnalyzer.java:2766)
	at org.wso2.ballerinalang.compiler.semantics.analyzer.SemanticAnalyzer.analyzeDef(SemanticAnalyzer.java:2758)
	at org.wso2.ballerinalang.compiler.semantics.analyzer.SemanticAnalyzer.visit(SemanticAnalyzer.java:269)
	at org.wso2.ballerinalang.compiler.tree.BLangPackage.accept(BLangPackage.java:163)
	at org.wso2.ballerinalang.compiler.semantics.analyzer.SemanticAnalyzer.analyze(SemanticAnalyzer.java:243)
	at org.wso2.ballerinalang.compiler.CompilerDriver.typeCheck(CompilerDriver.java:339)
	at org.wso2.ballerinalang.compiler.CompilerDriver.compile(CompilerDriver.java:268)
	at org.wso2.ballerinalang.compiler.CompilerDriver.compilePackageSymbol(CompilerDriver.java:260)
	at org.wso2.ballerinalang.compiler.CompilerDriver.compilePackage(CompilerDriver.java:143)
	at org.wso2.ballerinalang.compiler.Compiler.compilePackages(Compiler.java:176)
	at org.wso2.ballerinalang.compiler.Compiler.compilePackage(Compiler.java:221)
	at org.wso2.ballerinalang.compiler.Compiler.compile(Compiler.java:101)
	at org.wso2.ballerinalang.compiler.Compiler.build(Compiler.java:109)
	at org.ballerinalang.packerina.task.CompileTask.execute(CompileTask.java:55)
	at org.ballerinalang.packerina.TaskExecutor.executeTasks(TaskExecutor.java:38)
	at org.ballerinalang.packerina.cmd.RunCommand.execute(RunCommand.java:296)
	at java.base/java.util.Optional.ifPresent(Unknown Source)
	at org.ballerinalang.tool.Main.main(Main.java:57)
 
[2020-11-02 09:56:38,959] SEVERE {b7a.log.crash} - class io.ballerina.compiler.syntax.tree.MappingBindingPatternNode cannot be cast to class io.ballerina.compiler.syntax.tree.CaptureBindingPatternNode (io.ballerina.compiler.syntax.tree.MappingBindingPatternNode and io.ballerina.compiler.syntax.tree.CaptureBindingPatternNode are in unnamed module of loader 'app') 
java.lang.ClassCastException: class io.ballerina.compiler.syntax.tree.MappingBindingPatternNode cannot be cast to class io.ballerina.compiler.syntax.tree.CaptureBindingPatternNode (io.ballerina.compiler.syntax.tree.MappingBindingPatternNode and io.ballerina.compiler.syntax.tree.CaptureBindingPatternNode are in unnamed module of loader 'app')
	at org.wso2.ballerinalang.compiler.parser.BLangNodeTransformer.transform(BLangNodeTransformer.java:545)
	at org.wso2.ballerinalang.compiler.parser.BLangNodeTransformer.transform(BLangNodeTransformer.java:436)
	at io.ballerina.compiler.syntax.tree.ModuleVariableDeclarationNode.apply(ModuleVariableDeclarationNode.java:67)
	at org.wso2.ballerinalang.compiler.parser.BLangNodeTransformer.transform(BLangNodeTransformer.java:530)
	at org.wso2.ballerinalang.compiler.parser.BLangNodeTransformer.transform(BLangNodeTransformer.java:436)
	at io.ballerina.compiler.syntax.tree.ModulePartNode.apply(ModulePartNode.java:54)
	at org.wso2.ballerinalang.compiler.parser.BLangNodeTransformer.accept(BLangNodeTransformer.java:460)
	at org.wso2.ballerinalang.compiler.parser.Parser.generateCompilationUnitNew(Parser.java:121)
	at org.wso2.ballerinalang.compiler.parser.Parser.parse(Parser.java:94)
	at org.wso2.ballerinalang.compiler.PackageLoader.parse(PackageLoader.java:487)
	at org.wso2.ballerinalang.compiler.PackageLoader.loadEntryPackage(PackageLoader.java:374)
	at org.wso2.ballerinalang.compiler.Compiler.compilePackages(Compiler.java:166)
	at org.wso2.ballerinalang.compiler.Compiler.compilePackage(Compiler.java:221)
	at org.wso2.ballerinalang.compiler.Compiler.compile(Compiler.java:101)
	at org.wso2.ballerinalang.compiler.Compiler.build(Compiler.java:109)
	at org.ballerinalang.packerina.task.CompileTask.execute(CompileTask.java:55)
	at org.ballerinalang.packerina.TaskExecutor.executeTasks(TaskExecutor.java:38)
	at org.ballerinalang.packerina.cmd.RunCommand.execute(RunCommand.java:296)
	at java.base/java.util.Optional.ifPresent(Unknown Source)
	at org.ballerinalang.tool.Main.main(Main.java:57)
 
[2020-11-02 09:57:15,863] SEVERE {b7a.log.crash} - class io.ballerina.compiler.syntax.tree.MappingBindingPatternNode cannot be cast to class io.ballerina.compiler.syntax.tree.CaptureBindingPatternNode (io.ballerina.compiler.syntax.tree.MappingBindingPatternNode and io.ballerina.compiler.syntax.tree.CaptureBindingPatternNode are in unnamed module of loader 'app') 
java.lang.ClassCastException: class io.ballerina.compiler.syntax.tree.MappingBindingPatternNode cannot be cast to class io.ballerina.compiler.syntax.tree.CaptureBindingPatternNode (io.ballerina.compiler.syntax.tree.MappingBindingPatternNode and io.ballerina.compiler.syntax.tree.CaptureBindingPatternNode are in unnamed module of loader 'app')
	at org.wso2.ballerinalang.compiler.parser.BLangNodeTransformer.transform(BLangNodeTransformer.java:545)
	at org.wso2.ballerinalang.compiler.parser.BLangNodeTransformer.transform(BLangNodeTransformer.java:436)
	at io.ballerina.compiler.syntax.tree.ModuleVariableDeclarationNode.apply(ModuleVariableDeclarationNode.java:67)
	at org.wso2.ballerinalang.compiler.parser.BLangNodeTransformer.transform(BLangNodeTransformer.java:530)
	at org.wso2.ballerinalang.compiler.parser.BLangNodeTransformer.transform(BLangNodeTransformer.java:436)
	at io.ballerina.compiler.syntax.tree.ModulePartNode.apply(ModulePartNode.java:54)
	at org.wso2.ballerinalang.compiler.parser.BLangNodeTransformer.accept(BLangNodeTransformer.java:460)
	at org.wso2.ballerinalang.compiler.parser.Parser.generateCompilationUnitNew(Parser.java:121)
	at org.wso2.ballerinalang.compiler.parser.Parser.parse(Parser.java:94)
	at org.wso2.ballerinalang.compiler.PackageLoader.parse(PackageLoader.java:487)
	at org.wso2.ballerinalang.compiler.PackageLoader.loadEntryPackage(PackageLoader.java:374)
	at org.wso2.ballerinalang.compiler.Compiler.compilePackages(Compiler.java:166)
	at org.wso2.ballerinalang.compiler.Compiler.compilePackage(Compiler.java:221)
	at org.wso2.ballerinalang.compiler.Compiler.compile(Compiler.java:101)
	at org.wso2.ballerinalang.compiler.Compiler.build(Compiler.java:109)
	at org.ballerinalang.packerina.task.CompileTask.execute(CompileTask.java:55)
	at org.ballerinalang.packerina.TaskExecutor.executeTasks(TaskExecutor.java:38)
	at org.ballerinalang.packerina.cmd.RunCommand.execute(RunCommand.java:296)
	at java.base/java.util.Optional.ifPresent(Unknown Source)
	at org.ballerinalang.tool.Main.main(Main.java:57)
 
[2020-11-02 09:57:52,712] SEVERE {b7a.log.crash} - class io.ballerina.compiler.syntax.tree.MappingBindingPatternNode cannot be cast to class io.ballerina.compiler.syntax.tree.CaptureBindingPatternNode (io.ballerina.compiler.syntax.tree.MappingBindingPatternNode and io.ballerina.compiler.syntax.tree.CaptureBindingPatternNode are in unnamed module of loader 'app') 
java.lang.ClassCastException: class io.ballerina.compiler.syntax.tree.MappingBindingPatternNode cannot be cast to class io.ballerina.compiler.syntax.tree.CaptureBindingPatternNode (io.ballerina.compiler.syntax.tree.MappingBindingPatternNode and io.ballerina.compiler.syntax.tree.CaptureBindingPatternNode are in unnamed module of loader 'app')
	at org.wso2.ballerinalang.compiler.parser.BLangNodeTransformer.transform(BLangNodeTransformer.java:545)
	at org.wso2.ballerinalang.compiler.parser.BLangNodeTransformer.transform(BLangNodeTransformer.java:436)
	at io.ballerina.compiler.syntax.tree.ModuleVariableDeclarationNode.apply(ModuleVariableDeclarationNode.java:67)
	at org.wso2.ballerinalang.compiler.parser.BLangNodeTransformer.transform(BLangNodeTransformer.java:530)
	at org.wso2.ballerinalang.compiler.parser.BLangNodeTransformer.transform(BLangNodeTransformer.java:436)
	at io.ballerina.compiler.syntax.tree.ModulePartNode.apply(ModulePartNode.java:54)
	at org.wso2.ballerinalang.compiler.parser.BLangNodeTransformer.accept(BLangNodeTransformer.java:460)
	at org.wso2.ballerinalang.compiler.parser.Parser.generateCompilationUnitNew(Parser.java:121)
	at org.wso2.ballerinalang.compiler.parser.Parser.parse(Parser.java:94)
	at org.wso2.ballerinalang.compiler.PackageLoader.parse(PackageLoader.java:487)
	at org.wso2.ballerinalang.compiler.PackageLoader.loadEntryPackage(PackageLoader.java:374)
	at org.wso2.ballerinalang.compiler.Compiler.compilePackages(Compiler.java:166)
	at org.wso2.ballerinalang.compiler.Compiler.compilePackage(Compiler.java:221)
	at org.wso2.ballerinalang.compiler.Compiler.compile(Compiler.java:101)
	at org.wso2.ballerinalang.compiler.Compiler.build(Compiler.java:109)
	at org.ballerinalang.packerina.task.CompileTask.execute(CompileTask.java:55)
	at org.ballerinalang.packerina.TaskExecutor.executeTasks(TaskExecutor.java:38)
	at org.ballerinalang.packerina.cmd.RunCommand.execute(RunCommand.java:296)
	at java.base/java.util.Optional.ifPresent(Unknown Source)
	at org.ballerinalang.tool.Main.main(Main.java:57)
 
[2020-11-03 14:37:39,928] SEVERE {b7a.log.crash} - null 
java.lang.NullPointerException
	at io.ballerina.compiler.internal.parser.SyntaxErrors.convertInvalidNodeToMinutiae(SyntaxErrors.java:641)
	at io.ballerina.compiler.internal.parser.SyntaxErrors.cloneWithTrailingInvalidNodeMinutiae(SyntaxErrors.java:620)
	at io.ballerina.compiler.internal.parser.SyntaxErrors.cloneWithTrailingInvalidNodeMinutiae(SyntaxErrors.java:602)
	at io.ballerina.compiler.internal.parser.BallerinaParser.parseRecordTypeDescriptor(BallerinaParser.java:2638)
	at io.ballerina.compiler.internal.parser.BallerinaParser.parseTypeDescriptorInternal(BallerinaParser.java:1707)
	at io.ballerina.compiler.internal.parser.BallerinaParser.parseTypeDescriptorInternal(BallerinaParser.java:1616)
	at io.ballerina.compiler.internal.parser.BallerinaParser.parseTypeDescriptor(BallerinaParser.java:1605)
	at io.ballerina.compiler.internal.parser.BallerinaParser.parseTypeDescriptor(BallerinaParser.java:1595)
	at io.ballerina.compiler.internal.parser.BallerinaParser.parseParameter(BallerinaParser.java:1419)
	at io.ballerina.compiler.internal.parser.BallerinaParser.parseParamList(BallerinaParser.java:1295)
	at io.ballerina.compiler.internal.parser.BallerinaParser.parseFuncSignature(BallerinaParser.java:987)
	at io.ballerina.compiler.internal.parser.BallerinaParser.parseExplicitFunctionExpression(BallerinaParser.java:9013)
	at io.ballerina.compiler.internal.parser.BallerinaParser.parseTerminalExpression(BallerinaParser.java:3586)
	at io.ballerina.compiler.internal.parser.BallerinaParser.parseTerminalExpression(BallerinaParser.java:3501)
	at io.ballerina.compiler.internal.parser.BallerinaParser.parseExpression(BallerinaParser.java:3482)
	at io.ballerina.compiler.internal.parser.BallerinaParser.parseExpression(BallerinaParser.java:3477)
	at io.ballerina.compiler.internal.parser.BallerinaParser.parseExpression(BallerinaParser.java:3472)
	at io.ballerina.compiler.internal.parser.BallerinaParser.parseExpression(BallerinaParser.java:3404)
	at io.ballerina.compiler.internal.parser.BallerinaParser.parseArgument(BallerinaParser.java:4619)
	at io.ballerina.compiler.internal.parser.BallerinaParser.parseArgsList(BallerinaParser.java:4514)
	at io.ballerina.compiler.internal.parser.BallerinaParser.parseFieldAccessOrMethodCall(BallerinaParser.java:4258)
	at io.ballerina.compiler.internal.parser.BallerinaParser.parseExpressionRhsInternal(BallerinaParser.java:3903)
	at io.ballerina.compiler.internal.parser.BallerinaParser.parseExpressionRhs(BallerinaParser.java:3848)
	at io.ballerina.compiler.internal.parser.BallerinaParser.parseExpression(BallerinaParser.java:3483)
	at io.ballerina.compiler.internal.parser.BallerinaParser.parseExpression(BallerinaParser.java:3477)
	at io.ballerina.compiler.internal.parser.BallerinaParser.parseExpression(BallerinaParser.java:3472)
	at io.ballerina.compiler.internal.parser.BallerinaParser.parseActionOrExpression(BallerinaParser.java:3413)
	at io.ballerina.compiler.internal.parser.BallerinaParser.parseVarDeclRhs(BallerinaParser.java:3338)
	at io.ballerina.compiler.internal.parser.BallerinaParser.parseVariableDecl(BallerinaParser.java:3295)
	at io.ballerina.compiler.internal.parser.BallerinaParser.parseAsErrorTypeDesc(BallerinaParser.java:13644)
	at io.ballerina.compiler.internal.parser.BallerinaParser.parseErrorTypeDescOrErrorBP(BallerinaParser.java:13633)
	at io.ballerina.compiler.internal.parser.BallerinaParser.parseStatement(BallerinaParser.java:3212)
	at io.ballerina.compiler.internal.parser.BallerinaParser.parseStatement(BallerinaParser.java:3100)
	at io.ballerina.compiler.internal.parser.BallerinaParser.parseFunctionBodyBlock(BallerinaParser.java:1909)
	at io.ballerina.compiler.internal.parser.BallerinaParser.parseFunctionBody(BallerinaParser.java:1872)
	at io.ballerina.compiler.internal.parser.BallerinaParser.createFuncDefOrMethodDecl(BallerinaParser.java:963)
	at io.ballerina.compiler.internal.parser.BallerinaParser.parseFunctionKeywordRhs(BallerinaParser.java:938)
	at io.ballerina.compiler.internal.parser.BallerinaParser.parseFunctionKeywordRhs(BallerinaParser.java:928)
	at io.ballerina.compiler.internal.parser.BallerinaParser.parseFuncDefOrFuncTypeDesc(BallerinaParser.java:910)
	at io.ballerina.compiler.internal.parser.BallerinaParser.parseFuncDefOrFuncTypeDesc(BallerinaParser.java:903)
	at io.ballerina.compiler.internal.parser.BallerinaParser.parseTopLevelNode(BallerinaParser.java:772)
	at io.ballerina.compiler.internal.parser.BallerinaParser.parseTopLevelNode(BallerinaParser.java:308)
	at io.ballerina.compiler.internal.parser.BallerinaParser.parseTopLevelNode(BallerinaParser.java:243)
	at io.ballerina.compiler.internal.parser.BallerinaParser.parseCompUnit(BallerinaParser.java:148)
	at io.ballerina.compiler.internal.parser.BallerinaParser.parse(BallerinaParser.java:93)
	at io.ballerina.compiler.syntax.tree.SyntaxTree.from(SyntaxTree.java:55)
	at org.wso2.ballerinalang.compiler.packaging.converters.FileSystemSourceInput.getTree(FileSystemSourceInput.java:77)
	at org.wso2.ballerinalang.compiler.parser.Parser.generateCompilationUnitNew(Parser.java:107)
	at org.wso2.ballerinalang.compiler.parser.Parser.parse(Parser.java:94)
	at org.wso2.ballerinalang.compiler.PackageLoader.parse(PackageLoader.java:487)
	at org.wso2.ballerinalang.compiler.PackageLoader.loadEntryPackage(PackageLoader.java:374)
	at org.wso2.ballerinalang.compiler.Compiler.compilePackages(Compiler.java:166)
	at org.wso2.ballerinalang.compiler.Compiler.compilePackage(Compiler.java:221)
	at org.wso2.ballerinalang.compiler.Compiler.compile(Compiler.java:101)
	at org.wso2.ballerinalang.compiler.Compiler.build(Compiler.java:109)
	at org.ballerinalang.packerina.task.CompileTask.execute(CompileTask.java:55)
	at org.ballerinalang.packerina.TaskExecutor.executeTasks(TaskExecutor.java:38)
	at org.ballerinalang.packerina.cmd.RunCommand.execute(RunCommand.java:296)
	at java.base/java.util.Optional.ifPresent(Unknown Source)
	at org.ballerinalang.tool.Main.main(Main.java:57)
 
